<?xml version="1.0" encoding="UTF-8"?>
<!-- Generated by org.testng.reporters.JUnitReportReporter -->
<testsuite skipped="0" hostname="ankur-Vostro-3590" name="JavaStreamsTest" tests="2" failures="0" timestamp="09 Feb 2021 21:38:19 GMT" time="0.114" errors="0">
  <testcase name="streams" time="0.104" classname="JavaStreamsTest"/>
  <testcase name="regular" time="0.010" classname="JavaStreamsTest"/>
</testsuite> <!-- JavaStreamsTest -->
